Arguments: 
  C:\Program Files\nodejs\node.exe C:\Users\moham\.node\corepack\yarn\1.22.15\bin\yarn.js install

PATH: 
  C:\Windows\System32\HWAudioDriverLibs;C:\Program Files (x86)\Common Files\Oracle\Java\javapath;C:\WINDOWS\system32;C:\WINDOWS;C:\WINDOWS\System32\Wbem;C:\WINDOWS\System32\WindowsPowerShell\v1.0\;C:\WINDOWS\System32\OpenSSH\;C:\Program Files\nodejs\;C:\Program Files\Git\cmd;C:\WINDOWS\system32\config\systemprofile\AppData\Local\Microsoft\WindowsApps;C:\Program Files\dotnet\;C:\Program Files\Microsoft SQL Server\150\Tools\Binn\;C:\Program Files\Microsoft SQL Server\Client SDK\ODBC\170\Tools\Binn\;C:\Program Files\Docker\Docker\resources\bin;C:\ProgramData\DockerDesktop\version-bin;C:\Program Files (x86)\Microsoft SQL Server\150\Tools\Binn\;C:\Program Files\Microsoft SQL Server\150\DTS\Binn\;C:\WINDOWS\system32;C:\WINDOWS;C:\WINDOWS\System32\Wbem;C:\WINDOWS\System32\WindowsPowerShell\v1.0\;C:\WINDOWS\System32\OpenSSH\;C:\Users\moham\AppData\Roaming\npm;C:\Users\moham\AppData\Roaming\npm\node_modules;C:\Program Files\Go\bin;C:\Program Files\MySQL\MySQL Shell 8.0\bin\;C:\Users\moham\scoop\shims;C:\Users\moham\AppData\Local\Programs\Python\Python310\Scripts\;C:\Users\moham\AppData\Local\Programs\Python\Python310\;C:\Users\moham\AppData\Local\Microsoft\WindowsApps;C:\Users\moham\AppData\Roaming\npm;C:\Users\moham\AppData\Local\Programs\Microsoft VS Code\bin;C:\Users\moham\flutter\bin;C:\Program Files\heroku\bin;C:\Users\moham\.dotnet\tools;D:\JetBrains\WebStorm 2022.1.3\bin;D:\JetBrains\PyCharm 2022.1.3\bin;C:\Users\moham\.dotnet\tools;C:\Users\moham\AppData\Local\Microsoft\WindowsApps;C:\Users\moham\go\bin;C:\Users\moham\AppData\Local\JetBrains\Toolbox\scripts;

Yarn version: 
  1.22.15

Node version: 
  16.14.0

Platform: 
  win32 x64

Trace: 
  Error: EPERM: operation not permitted, unlink 'D:\Projects\Github\node_prac\node_modules\@prisma\engines\query_engine-windows.dll.node'

npm manifest: 
  {
    "name": "node_prac",
    "version": "1.0.0",
    "main": "src'/app.ts",
    "license": "MIT",
    "prisma": {
      "schema": "src/prisma/schema.prisma"
    },
    "scripts": {
      "start": "node dist/index.js",
      "build": "tsc",
      "dev": "nodemon --files src/index.ts"
    },
    "devDependencies": {
      "@types/bcrypt": "^5.0.0",
      "@types/express": "^4.17.16",
      "@types/jsonwebtoken": "^9.0.1",
      "@types/morgan": "^1.9.4",
      "@types/node": "^18.11.18",
      "nodemon": "^2.0.20",
      "prisma": "^4.9.0",
      "ts-node": "^10.9.1",
      "typescript": "^4.9.5"
    },
    "dependencies": {
      "@prisma/client": "^4.9.0",
      "bcrypt": "^5.1.0",
      "dotenv": "^16.0.3",
      "express": "^4.18.2",
      "jsonwebtoken": "^9.0.0",
      "morgan": "^1.10.0",
      "zod": "^3.20.2"
    }
  }

yarn manifest: 
  No manifest

Lockfile: 
  No lockfile
